objc[31041]: Class AXEmojiUtilities is implemented in both /Applications/Xcode.app/Contents/Developer/Platforms/iPhoneSimulator.platform/Developer/SDKs/iPhoneSimulator7.1.sdk/System/Library/PrivateFrameworks/AccessibilityUtilities.framework/AccessibilityUtilities and /Applications/Xcode.app/Contents/Developer/Platforms/iPhoneSimulator.platform/Developer/SDKs/iPhoneSimulator7.1.sdk/usr/lib/libAXSpeechManager.dylib. One of the two will be used. Which one is undefined.
2014-03-28 15:34:43.004 HelloWorld[31041:70b] Cannot find executable for CFBundle 0xa5c05c0 </Applications/Xcode.app/Contents/Developer/Platforms/iPhoneSimulator.platform/Developer/SDKs/iPhoneSimulator7.1.sdk/System/Library/AccessibilityBundles/GeoServices.axbundle> (not loaded)
2014-03-28 15:34:43.023 HelloWorld[31041:70b] Cannot find executable for CFBundle 0xa5d8770 </Applications/Xcode.app/Contents/Developer/Platforms/iPhoneSimulator.platform/Developer/SDKs/iPhoneSimulator7.1.sdk/System/Library/AccessibilityBundles/CertUIFramework.axbundle> (not loaded)
2014-03-28 15:34:43.208 HelloWorld[31041:70b] Multi-tasking -> Device: YES, App: YES
2014-03-28 15:34:43.852 HelloWorld[31041:70b] Resetting plugins due to page load.
2014-03-28 15:34:44.042 HelloWorld[31041:70b] Finished load of: file:///Users/guinetik/Library/Application%20Support/iPhone%20Simulator/7.1/Applications/606CF902-C7E1-4CDC-A416-EC18C7522E1B/HelloWorld.app/www/index.html
objc[33741]: Class AXEmojiUtilities is implemented in both /Applications/Xcode.app/Contents/Developer/Platforms/iPhoneSimulator.platform/Developer/SDKs/iPhoneSimulator7.1.sdk/System/Library/PrivateFrameworks/AccessibilityUtilities.framework/AccessibilityUtilities and /Applications/Xcode.app/Contents/Developer/Platforms/iPhoneSimulator.platform/Developer/SDKs/iPhoneSimulator7.1.sdk/usr/lib/libAXSpeechManager.dylib. One of the two will be used. Which one is undefined.
2014-03-28 15:44:55.882 HelloWorld[33741:70b] Cannot find executable for CFBundle 0xa334560 </Applications/Xcode.app/Contents/Developer/Platforms/iPhoneSimulator.platform/Developer/SDKs/iPhoneSimulator7.1.sdk/System/Library/AccessibilityBundles/GeoServices.axbundle> (not loaded)
2014-03-28 15:44:55.889 HelloWorld[33741:70b] Cannot find executable for CFBundle 0xa24d980 </Applications/Xcode.app/Contents/Developer/Platforms/iPhoneSimulator.platform/Developer/SDKs/iPhoneSimulator7.1.sdk/System/Library/AccessibilityBundles/CertUIFramework.axbundle> (not loaded)
2014-03-28 15:44:55.922 HelloWorld[33741:70b] Multi-tasking -> Device: YES, App: YES
2014-03-28 15:44:56.034 HelloWorld[33741:70b] Resetting plugins due to page load.
2014-03-28 15:44:56.086 HelloWorld[33741:70b] Finished load of: file:///Users/guinetik/Library/Application%20Support/iPhone%20Simulator/7.1/Applications/606CF902-C7E1-4CDC-A416-EC18C7522E1B/HelloWorld.app/www/index.html
2014-03-28 15:44:56.112 HelloWorld[33741:70b] ERROR: Plugin 'IBeaconLauncher' not found, or is not a CDVPlugin. Check your plugin mapping in config.xml.
2014-03-28 15:44:56.113 HelloWorld[33741:70b] -[CDVCommandQueue executePending] [Line 158] FAILED pluginJSON = [
  "INVALID",
  "IBeaconLauncher",
  "launch",
  [

  ]
]
objc[34062]: Class AXEmojiUtilities is implemented in both /Applications/Xcode.app/Contents/Developer/Platforms/iPhoneSimulator.platform/Developer/SDKs/iPhoneSimulator7.1.sdk/System/Library/PrivateFrameworks/AccessibilityUtilities.framework/AccessibilityUtilities and /Applications/Xcode.app/Contents/Developer/Platforms/iPhoneSimulator.platform/Developer/SDKs/iPhoneSimulator7.1.sdk/usr/lib/libAXSpeechManager.dylib. One of the two will be used. Which one is undefined.
2014-03-28 15:47:06.525 HelloWorld[34062:70b] Cannot find executable for CFBundle 0xa261a70 </Applications/Xcode.app/Contents/Developer/Platforms/iPhoneSimulator.platform/Developer/SDKs/iPhoneSimulator7.1.sdk/System/Library/AccessibilityBundles/GeoServices.axbundle> (not loaded)
2014-03-28 15:47:06.535 HelloWorld[34062:70b] Cannot find executable for CFBundle 0xa27fab0 </Applications/Xcode.app/Contents/Developer/Platforms/iPhoneSimulator.platform/Developer/SDKs/iPhoneSimulator7.1.sdk/System/Library/AccessibilityBundles/CertUIFramework.axbundle> (not loaded)
2014-03-28 15:47:06.697 HelloWorld[34062:70b] Multi-tasking -> Device: YES, App: YES
2014-03-28 15:47:06.983 HelloWorld[34062:70b] Resetting plugins due to page load.
2014-03-28 15:47:07.276 HelloWorld[34062:70b] Finished load of: file:///Users/guinetik/Library/Application%20Support/iPhone%20Simulator/7.1/Applications/606CF902-C7E1-4CDC-A416-EC18C7522E1B/HelloWorld.app/www/index.html
objc[34840]: Class AXEmojiUtilities is implemented in both /Applications/Xcode.app/Contents/Developer/Platforms/iPhoneSimulator.platform/Developer/SDKs/iPhoneSimulator7.1.sdk/System/Library/PrivateFrameworks/AccessibilityUtilities.framework/AccessibilityUtilities and /Applications/Xcode.app/Contents/Developer/Platforms/iPhoneSimulator.platform/Developer/SDKs/iPhoneSimulator7.1.sdk/usr/lib/libAXSpeechManager.dylib. One of the two will be used. Which one is undefined.
2014-03-28 16:19:36.506 HelloWorld[34840:70b] Cannot find executable for CFBundle 0xa26a550 </Applications/Xcode.app/Contents/Developer/Platforms/iPhoneSimulator.platform/Developer/SDKs/iPhoneSimulator7.1.sdk/System/Library/AccessibilityBundles/GeoServices.axbundle> (not loaded)
2014-03-28 16:19:36.524 HelloWorld[34840:70b] Cannot find executable for CFBundle 0xa24eca0 </Applications/Xcode.app/Contents/Developer/Platforms/iPhoneSimulator.platform/Developer/SDKs/iPhoneSimulator7.1.sdk/System/Library/AccessibilityBundles/CertUIFramework.axbundle> (not loaded)
2014-03-28 16:19:36.612 HelloWorld[34840:70b] Multi-tasking -> Device: YES, App: YES
2014-03-28 16:19:37.053 HelloWorld[34840:70b] Resetting plugins due to page load.
2014-03-28 16:19:37.257 HelloWorld[34840:70b] Finished load of: file:///Users/guinetik/Library/Application%20Support/iPhone%20Simulator/7.1/Applications/606CF902-C7E1-4CDC-A416-EC18C7522E1B/HelloWorld.app/www/index.html
objc[35160]: Class AXEmojiUtilities is implemented in both /Applications/Xcode.app/Contents/Developer/Platforms/iPhoneSimulator.platform/Developer/SDKs/iPhoneSimulator7.1.sdk/System/Library/PrivateFrameworks/AccessibilityUtilities.framework/AccessibilityUtilities and /Applications/Xcode.app/Contents/Developer/Platforms/iPhoneSimulator.platform/Developer/SDKs/iPhoneSimulator7.1.sdk/usr/lib/libAXSpeechManager.dylib. One of the two will be used. Which one is undefined.
2014-03-28 16:21:40.439 HelloBeacons[35160:70b] Cannot find executable for CFBundle 0xa366b20 </Applications/Xcode.app/Contents/Developer/Platforms/iPhoneSimulator.platform/Developer/SDKs/iPhoneSimulator7.1.sdk/System/Library/AccessibilityBundles/GeoServices.axbundle> (not loaded)
2014-03-28 16:21:40.450 HelloBeacons[35160:70b] Cannot find executable for CFBundle 0xa284830 </Applications/Xcode.app/Contents/Developer/Platforms/iPhoneSimulator.platform/Developer/SDKs/iPhoneSimulator7.1.sdk/System/Library/AccessibilityBundles/CertUIFramework.axbundle> (not loaded)
2014-03-28 16:21:40.481 HelloBeacons[35160:70b] Multi-tasking -> Device: YES, App: YES
2014-03-28 16:21:40.649 HelloBeacons[35160:70b] Resetting plugins due to page load.
2014-03-28 16:21:40.713 HelloBeacons[35160:70b] Finished load of: file:///Users/guinetik/Library/Application%20Support/iPhone%20Simulator/7.1/Applications/BCE22204-8121-4B0E-A245-FE5621148D08/HelloBeacons.app/www/index.html
2014-03-28 16:21:40.746 HelloBeacons[35160:70b] ERROR: Plugin 'IBeaconLauncher' not found, or is not a CDVPlugin. Check your plugin mapping in config.xml.
2014-03-28 16:21:40.748 HelloBeacons[35160:70b] -[CDVCommandQueue executePending] [Line 158] FAILED pluginJSON = [
  "INVALID",
  "IBeaconLauncher",
  "launch",
  [

  ]
]
objc[35513]: Class AXEmojiUtilities is implemented in both /Applications/Xcode.app/Contents/Developer/Platforms/iPhoneSimulator.platform/Developer/SDKs/iPhoneSimulator7.1.sdk/System/Library/PrivateFrameworks/AccessibilityUtilities.framework/AccessibilityUtilities and /Applications/Xcode.app/Contents/Developer/Platforms/iPhoneSimulator.platform/Developer/SDKs/iPhoneSimulator7.1.sdk/usr/lib/libAXSpeechManager.dylib. One of the two will be used. Which one is undefined.
2014-03-28 16:24:15.959 HelloBeacons[35513:70b] Cannot find executable for CFBundle 0xa37f130 </Applications/Xcode.app/Contents/Developer/Platforms/iPhoneSimulator.platform/Developer/SDKs/iPhoneSimulator7.1.sdk/System/Library/AccessibilityBundles/GeoServices.axbundle> (not loaded)
2014-03-28 16:24:15.992 HelloBeacons[35513:70b] Cannot find executable for CFBundle 0xa24d2e0 </Applications/Xcode.app/Contents/Developer/Platforms/iPhoneSimulator.platform/Developer/SDKs/iPhoneSimulator7.1.sdk/System/Library/AccessibilityBundles/CertUIFramework.axbundle> (not loaded)
2014-03-28 16:24:16.202 HelloBeacons[35513:70b] Multi-tasking -> Device: YES, App: YES
2014-03-28 16:24:16.595 HelloBeacons[35513:70b] Resetting plugins due to page load.
2014-03-28 16:24:16.741 HelloBeacons[35513:70b] Finished load of: file:///Users/guinetik/Library/Application%20Support/iPhone%20Simulator/7.1/Applications/BCE22204-8121-4B0E-A245-FE5621148D08/HelloBeacons.app/www/index.html
2014-03-28 16:24:16.786 HelloBeacons[35513:70b] ERROR: Plugin 'IBeaconLauncher' not found, or is not a CDVPlugin. Check your plugin mapping in config.xml.
2014-03-28 16:24:16.787 HelloBeacons[35513:70b] -[CDVCommandQueue executePending] [Line 158] FAILED pluginJSON = [
  "INVALID",
  "IBeaconLauncher",
  "launch",
  [

  ]
]
Terminating in response to SpringBoard's termination.
objc[13709]: Class AXEmojiUtilities is implemented in both /Applications/Xcode.app/Contents/Developer/Platforms/iPhoneSimulator.platform/Developer/SDKs/iPhoneSimulator7.1.sdk/System/Library/PrivateFrameworks/AccessibilityUtilities.framework/AccessibilityUtilities and /Applications/Xcode.app/Contents/Developer/Platforms/iPhoneSimulator.platform/Developer/SDKs/iPhoneSimulator7.1.sdk/usr/lib/libAXSpeechManager.dylib. One of the two will be used. Which one is undefined.
2014-03-28 18:32:25.335 HelloBeacons[13709:70b] Cannot find executable for CFBundle 0xa364620 </Applications/Xcode.app/Contents/Developer/Platforms/iPhoneSimulator.platform/Developer/SDKs/iPhoneSimulator7.1.sdk/System/Library/AccessibilityBundles/CertUIFramework.axbundle> (not loaded)
2014-03-28 18:32:25.340 HelloBeacons[13709:70b] Cannot find executable for CFBundle 0xa37e4f0 </Applications/Xcode.app/Contents/Developer/Platforms/iPhoneSimulator.platform/Developer/SDKs/iPhoneSimulator7.1.sdk/System/Library/AccessibilityBundles/GeoServices.axbundle> (not loaded)
2014-03-28 18:32:25.635 HelloBeacons[13709:70b] Multi-tasking -> Device: YES, App: YES
2014-03-28 18:32:26.016 HelloBeacons[13709:70b] Resetting plugins due to page load.
2014-03-28 18:32:26.339 HelloBeacons[13709:70b] Finished load of: file:///Users/joao.guilherme/Library/Application%20Support/iPhone%20Simulator/7.1/Applications/269401E8-7501-40CC-BFE6-39C621AFBA62/HelloBeacons.app/www/index.html
2014-03-28 18:32:26.358 HelloBeacons[13709:70b] CDVPlugin class IBeaconLauncher (pluginName: IBeaconLauncher) does not exist.
2014-03-28 18:32:26.358 HelloBeacons[13709:70b] ERROR: Plugin 'IBeaconLauncher' not found, or is not a CDVPlugin. Check your plugin mapping in config.xml.
2014-03-28 18:32:26.358 HelloBeacons[13709:70b] -[CDVCommandQueue executePending] [Line 158] FAILED pluginJSON = [
  "INVALID",
  "IBeaconLauncher",
  "launch",
  [

  ]
]
objc[16660]: Class AXEmojiUtilities is implemented in both /Applications/Xcode.app/Contents/Developer/Platforms/iPhoneSimulator.platform/Developer/SDKs/iPhoneSimulator7.1.sdk/System/Library/PrivateFrameworks/AccessibilityUtilities.framework/AccessibilityUtilities and /Applications/Xcode.app/Contents/Developer/Platforms/iPhoneSimulator.platform/Developer/SDKs/iPhoneSimulator7.1.sdk/usr/lib/libAXSpeechManager.dylib. One of the two will be used. Which one is undefined.
2014-03-28 19:05:31.974 HelloBeacons[16660:70b] Cannot find executable for CFBundle 0xa252e20 </Applications/Xcode.app/Contents/Developer/Platforms/iPhoneSimulator.platform/Developer/SDKs/iPhoneSimulator7.1.sdk/System/Library/AccessibilityBundles/GeoServices.axbundle> (not loaded)
2014-03-28 19:05:31.979 HelloBeacons[16660:70b] Cannot find executable for CFBundle 0xa44fc20 </Applications/Xcode.app/Contents/Developer/Platforms/iPhoneSimulator.platform/Developer/SDKs/iPhoneSimulator7.1.sdk/System/Library/AccessibilityBundles/CertUIFramework.axbundle> (not loaded)
2014-03-28 19:05:32.066 HelloBeacons[16660:70b] Multi-tasking -> Device: YES, App: YES
2014-03-28 19:05:32.212 HelloBeacons[16660:70b] Resetting plugins due to page load.
2014-03-28 19:05:32.283 HelloBeacons[16660:70b] Finished load of: file:///Users/joao.guilherme/Library/Application%20Support/iPhone%20Simulator/7.1/Applications/269401E8-7501-40CC-BFE6-39C621AFBA62/HelloBeacons.app/www/index.html
2014-03-28 19:05:32.295 HelloBeacons[16660:70b] Hello, this is a native function called from PhoneGap/Cordova!
2014-03-28 19:05:32.307 HelloBeacons[16660:70b] exit region
